<?xml version="1.0" encoding="UTF-8"?>
<!-- Generated by org.testng.reporters.JUnitReportReporter -->
<testsuite hostname="ATMECSINLT-1190" failures="0" tests="7" name="seleniumexprog.Webtable" time="24.514" errors="0" timestamp="2022-06-06T16:54:32 IST" skipped="0">
  <testcase classname="seleniumexprog.Webtable" name="goToLink" time="14.143"/>
  <system-out/>
  <testcase classname="seleniumexprog.Webtable" name="getdata" time="8.556"/>
  <system-out/>
  <testcase classname="seleniumexprog.Webtable" name="burjkhalifa" time="0.477"/>
  <system-out/>
  <testcase classname="seleniumexprog.Webtable" name="clocktowerheight" time="0.635"/>
  <system-out/>
  <testcase classname="seleniumexprog.Webtable" name="taipei101" time="0.330"/>
  <system-out/>
  <testcase classname="seleniumexprog.Webtable" name="financialcenterheight" time="0.316"/>
  <system-out/>
  <testcase classname="seleniumexprog.Webtable" name="footersize" time="0.057"/>
  <system-out/>
</testsuite> <!-- seleniumexprog.Webtable -->
